-- start_matchsubs
-- m/\(actual time=\d+\.\d+..\d+\.\d+ rows=\d+ loops=\d+\)/
-- s/\(actual time=\d+\.\d+..\d+\.\d+ rows=\d+ loops=\d+\)/(actual time=##.###..##.### rows=# loops=#)/
-- m/\(slice\d+\)    Executor memory: (\d+)\w bytes\./
-- s/\(slice\d+\)    Executor memory: (\d+)\w bytes\./\(slice\)    Executor memory: (#####)K bytes./
-- m/\(slice\d+\)    Executor memory: (\d+)\w bytes avg x \d+ workers, \d+\w bytes max \(seg\d+\)\./
-- s/\(slice\d+\)    Executor memory: (\d+)\w bytes avg x \d+ workers, \d+\w bytes max \(seg\d+\)\./\(slice\)    Executor memory: ####K bytes avg x #### workers, ####K bytes max (seg#)./
-- m/Work_mem: \d+\w bytes max\./
-- s/Work_mem: \d+\w bytes max\. */Work_mem: ###K bytes max./
-- m/Total runtime: \d+\.\d+ ms/
-- s/Total runtime: \d+\.\d+ ms/Total runtime: ##.### ms/
-- m/cost=\d+\.\d+\.\.\d+\.\d+ rows=\d+ width=\d+/
-- s/\(cost=\d+\.\d+\.\.\d+\.\d+ rows=\d+ width=\d+\)/(cost=##.###..##.### rows=### width=###)/
-- m/Peak memory: \d+\w? bytes\./
-- s/Peak memory: \d+\w? bytes\./Peak memory: ### bytes./
-- m/Peak memory: \d+\w? bytes avg x \d+ workers, \d+\w? bytes max \(seg\d+\)./
-- s/Peak memory: \d+\w? bytes avg x \d+ workers, \d+\w? bytes max \(seg\d+\)\./Peak memory: ### bytes avg x # workers, ### bytes max (seg#)./
-- m/Vmem reserved: \d+\w? bytes\./
-- s/Vmem reserved: \d+\w? bytes\./Vmem reserved: ### bytes./
-- m/Vmem reserved: \d+\w? bytes avg x \d+ workers, \d+\w? bytes max \(seg\d+\)/
-- s/Vmem reserved: \d+\w? bytes avg x \d+ workers, \d+\w? bytes max \(seg\d+\)/Vmem reserved: ### bytes avg x # workers, ### bytes max (seg#)/
-- m/Total memory used across slices: \d+\w bytes./
-- s/Total memory used across slices: \d+\w bytes./Total memory used across slices: ### bytes./
-- m/Memory used:  \d+\w?B/
-- s/Memory used:  \d+\w?B/Memory used: ###B/
-- m/ORCA Memory used: peak \d+\w?B  allocated \d+\w?B  freed \d+\w?B/
-- s/ORCA Memory used: peak \d+\w?B  allocated \d+\w?B  freed \d+\w?B/ORCA Memory used: peak ##B  allocated ##B  freed ##B/
-- end_matchsubs
--
-- DEFAULT syntax
CREATE TABLE apples(id int PRIMARY KEY, type text);
NOTICE:  CREATE TABLE / PRIMARY KEY will create implicit index "apples_pkey" for table "apples"
INSERT INTO apples(id) SELECT generate_series(1, 100000);
CREATE TABLE locations(id int PRIMARY KEY, address text);
NOTICE:  CREATE TABLE / PRIMARY KEY will create implicit index "locations_pkey" for table "locations"
CREATE TABLE boxes(id int PRIMARY KEY, apple_id int REFERENCES apples(id), location_id int REFERENCES locations(id));
NOTICE:  CREATE TABLE / PRIMARY KEY will create implicit index "boxes_pkey" for table "boxes"
WARNING:  Referential integrity (FOREIGN KEY) constraints are not supported in Greenplum Database, will not be enforced.
WARNING:  Referential integrity (FOREIGN KEY) constraints are not supported in Greenplum Database, will not be enforced.
-- Activate GUP that will show more memory information
SET explain_memory_verbosity = 'summary';
--- Check Explain Text format output
-- explain_processing_off
EXPLAIN SELECT * from boxes LEFT JOIN apples ON apples.id = boxes.apple_id LEFT JOIN locations ON locations.id = boxes.location_id;
                                                   QUERY PLAN
------------------------------------------------------------------------------------------------------------------
 Gather Motion 3:1  (slice3; segments: 3)  (cost=2432.00..8569.25 rows=77900 width=84)
   ->  Hash Left Join  (cost=2432.00..8569.25 rows=25967 width=84)
         Hash Cond: boxes.location_id = locations.id
         ->  Redistribute Motion 3:3  (slice2; segments: 3)  (cost=1216.00..6282.12 rows=25967 width=48)
               Hash Key: boxes.location_id
               ->  Hash Left Join  (cost=1216.00..4724.12 rows=25967 width=48)
                     Hash Cond: boxes.apple_id = apples.id
                     ->  Redistribute Motion 3:3  (slice1; segments: 3)  (cost=0.00..2437.00 rows=25967 width=12)
                           Hash Key: boxes.apple_id
                           ->  Table Scan on boxes  (cost=0.00..879.00 rows=25967 width=12)
                     ->  Hash  (cost=596.00..596.00 rows=16534 width=36)
                           ->  Table Scan on apples  (cost=0.00..596.00 rows=16534 width=36)
         ->  Hash  (cost=596.00..596.00 rows=16534 width=36)
               ->  Table Scan on locations  (cost=0.00..596.00 rows=16534 width=36)
(15 rows)

-- explain_processing_on
--- Check Explain Analyze Text output that include the slices information
-- explain_processing_off
EXPLAIN (ANALYZE) SELECT * from boxes LEFT JOIN apples ON apples.id = boxes.apple_id LEFT JOIN locations ON locations.id = boxes.location_id;
                                                            QUERY PLAN
-----------------------------------------------------------------------------------------------------------------------------------
 Gather Motion 3:1  (slice3; segments: 3)  (cost=2432.00..8569.25 rows=77900 width=84) (actual time=3.936..3.936 rows=0 loops=1)
   ->  Hash Left Join  (cost=2432.00..8569.25 rows=25967 width=84) (never executed)
         Hash Cond: boxes.location_id = locations.id
         ->  Redistribute Motion 3:3  (slice2; segments: 3)  (cost=2432.00..8569.25 rows=25967 width=84) (never executed)
               Hash Key: boxes.location_id
               ->  Hash Left Join  (cost=2432.00..8569.25 rows=25967 width=84) (never executed)
                     Hash Cond: boxes.apple_id = apples.id
                     ->  Redistribute Motion 3:3  (slice1; segments: 3)  (cost=2432.00..8569.25 rows=25967 width=84) (never executed)
                           Hash Key: boxes.apple_id
                           ->  Table Scan on boxes  (cost=2432.00..8569.25 rows=25967 width=84) (never executed)
                     ->  Hash  (cost=2432.00..8569.25 rows=25967 width=84) (actual time=1.323..3.123 rows=9 loops=1)
                           ->  Table Scan on apples  (cost=2432.00..8569.25 rows=25967 width=84) (actual time=1.323..3.123 rows=9 loops=1)
         ->  Hash  (cost=2432.00..8569.25 rows=25967 width=84) (never executed)
               ->  Table Scan on locations  (cost=2432.00..8569.25 rows=25967 width=84) (never executed)
   (slice0)    Executor memory: 386K bytes.  Peak memory: 42342K bytes.  Vmem reserved: 123432K bytes.
   (slice1)    Executor memory: 59K bytes avg x 3 workers, 59K bytes max (seg0).  Peak memory: 1234532 bytes avg x 2 workers, 123 bytes max (seg0).  Vmem reserved: 100 bytes avg x 3 workers, 123k bytes max (seg0).
   (slice2)    Executor memory: 1110K bytes avg x 3 workers, 1110K bytes max (seg0).  Peak memory: 543 bytes avg x 2 workers, 312 bytes max (seg0).  Vmem reserved: 1234243 bytes avg x 1 workers, 312 bytes max (seg0).  Work_mem: 9K bytes max.
   (slice3)    Executor memory: 1110K bytes avg x 3 workers, 1110K bytes max (seg0).  Peak memory: 534 bytes avg x 1 workers, 5433 bytes max (seg0).  Vmem reserved: 423K bytes avg x 2 workers, 4K bytes max (seg0).
 Total memory used across slices: 100K bytes.
 Memory used:  1280kB
 ORCA Memory used: peak 50kB  allocated 100kB  freed 0B
 Optimizer: PQO version 2.54.0
 Total runtime: 34.572 ms
(21 rows)

-- explain_processing_on
-- YAML Required replaces for costs and time changes
-- start_matchsubs
-- m/ Loops: \d+ /
-- s/ Loops: \d+\s+/ Loops: # /
-- m/ Cost: \d+\.\d+ /
-- s/ Cost: \d+\.\d+\s+/ Cost: ###.## /
-- m/ Rows: \d+ /
-- s/ Rows: \d+\s+/ Rows: ##### /
-- m/ Plan Width: \d+ /
-- s/ Plan Width: \d+\s+/ Plan Width: ## /
-- m/ Time: \d+\.\d+ /
-- s/ Time: \d+\.\d+\s+/ Time: ##.### /
-- m/Total Runtime: \d+\.\d+/
-- s/Total Runtime: \d+\.\d+/Total Runtime: ##.###/
-- m/Segments: \d+\s+/
-- s/Segments: \d+\s+/Segments: #/
-- m/PQO version \d+\.\d+\.\d+",?\s+/
-- s/PQO version \d+\.\d+\.\d+",?\s+/PQO version ##.##.##"/
-- m/Slice: [0-3]\s+/
-- s/Slice: [0-3]\s+/Slice: # /
-- m/ Memory: \d+\s+/
-- s/ Memory: \d+\s+/ Memory: ### /
-- m/Maximum Memory Used: \d+\s+/
-- s/Maximum Memory Used: \d+\s+/Maximum Memory Used: ### /
-- m/Work Maximum Memory: \d+\s+/
-- s/Work Maximum Memory: \d+\s+/Work Maximum Memory: ### /
-- m/Workers: \d+\s+/
-- s/Workers: \d+\s+/Workers: ## /
-- m/Average: \d+\s+/
-- s/Average: \d+\s+/Average: ## /
-- m/Total memory used across slices: \d+/
-- s/Total memory used across slices: \d+/Total memory used across slices: ###/
-- m/ORCA Memory Used \w+: \d+/
-- s/ORCA Memory Used (\w+): \d+\s+/ORCA Memory Used $1: ##/
-- end_matchsubs
-- Check Explain YAML output
EXPLAIN (FORMAT YAML) SELECT * from boxes LEFT JOIN apples ON apples.id = boxes.apple_id LEFT JOIN locations ON locations.id = boxes.location_id;
                       QUERY PLAN
---------------------------------------------------------
 - Plan:                                                +
     Node Type: "Gather Motion"                         +
     Senders: 3                                         +
     Receivers: 1                                       +
     Slice: 3                                           +
     Segments: 3                                        +
     Gang Type: "primary reader"                        +
     Startup Cost: 2432.00                              +
     Total Cost: 8569.25                                +
     Plan Rows: 77900                                   +
     Plan Width: 84                                     +
     Plans:                                             +
       - Node Type: "Hash Join"                         +
         Parent Relationship: "Outer"                   +
         Slice: 3                                       +
         Segments: 3                                    +
         Gang Type: "primary reader"                    +
         Join Type: "Left"                              +
         Startup Cost: 2432.00                          +
         Total Cost: 8569.25                            +
         Plan Rows: 77900                               +
         Plan Width: 84                                 +
         Hash Cond: "boxes.location_id = locations.id"  +
         Plans:                                         +
           - Node Type: "Redistribute Motion"           +
             Senders: 3                                 +
             Receivers: 3                               +
             Parent Relationship: "Outer"               +
             Slice: 2                                   +
             Segments: 3                                +
             Gang Type: "primary reader"                +
             Startup Cost: 1216.00                      +
             Total Cost: 6282.12                        +
             Plan Rows: 77900                           +
             Plan Width: 48                             +
             Hash Key: "boxes.location_id"              +
             Plans:                                     +
               - Node Type: "Hash Join"                 +
                 Parent Relationship: "Outer"           +
                 Slice: 2                               +
                 Segments: 3                            +
                 Gang Type: "primary reader"            +
                 Join Type: "Left"                      +
                 Startup Cost: 1216.00                  +
                 Total Cost: 4724.12                    +
                 Plan Rows: 77900                       +
                 Plan Width: 48                         +
                 Hash Cond: "boxes.apple_id = apples.id"+
                 Plans:                                 +
                   - Node Type: "Redistribute Motion"   +
                     Senders: 3                         +
                     Receivers: 3                       +
                     Parent Relationship: "Outer"       +
                     Slice: 1                           +
                     Segments: 3                        +
                     Gang Type: "primary reader"        +
                     Startup Cost: 0.00                 +
                     Total Cost: 2437.00                +
                     Plan Rows: 77900                   +
                     Plan Width: 12                     +
                     Hash Key: "boxes.apple_id"         +
                     Plans:                             +
                       - Node Type: "Table Scan"        +
                         Parent Relationship: "Outer"   +
                         Slice: 1                       +
                         Segments: 3                    +
                         Gang Type: "primary reader"    +
                         Relation Name: "boxes"         +
                         Alias: "boxes"                 +
                         Startup Cost: 0.00             +
                         Total Cost: 879.00             +
                         Plan Rows: 77900               +
                         Plan Width: 12                 +
                   - Node Type: "Hash"                  +
                     Parent Relationship: "Inner"       +
                     Slice: 2                           +
                     Segments: 3                        +
                     Gang Type: "primary reader"        +
                     Startup Cost: 596.00               +
                     Total Cost: 596.00                 +
                     Plan Rows: 49600                   +
                     Plan Width: 36                     +
                     Plans:                             +
                       - Node Type: "Table Scan"        +
                         Parent Relationship: "Outer"   +
                         Slice: 2                       +
                         Segments: 3                    +
                         Gang Type: "primary reader"    +
                         Relation Name: "apples"        +
                         Alias: "apples"                +
                         Startup Cost: 0.00             +
                         Total Cost: 596.00             +
                         Plan Rows: 49600               +
                         Plan Width: 36                 +
           - Node Type: "Hash"                          +
             Parent Relationship: "Inner"               +
             Slice: 3                                   +
             Segments: 3                                +
             Gang Type: "primary reader"                +
             Startup Cost: 596.00                       +
             Total Cost: 596.00                         +
             Plan Rows: 49600                           +
             Plan Width: 36                             +
             Plans:                                     +
               - Node Type: "Table Scan"                +
                 Parent Relationship: "Outer"           +
                 Slice: 3                               +
                 Segments: 10                           +
                 Gang Type: "primary reader"            +
                 Relation Name: "locations"             +
                 Alias: "locations"                     +
                 Startup Cost: 0.00                     +
                 Total Cost: 596.00                     +
                 Plan Rows: 49600                       +
                 Plan Width: 36                         +
   Settings:                                            +
     Optimizer: "PQO version 1.2.3"
(1 row)

--- Check Explain Analyze YAML output that include the slices information
-- explain_processing_off
EXPLAIN (ANALYZE, FORMAT YAML) SELECT * from boxes LEFT JOIN apples ON apples.id = boxes.apple_id LEFT JOIN locations ON locations.id = boxes.location_id;
                       QUERY PLAN
---------------------------------------------------------
 - Plan:                                                +
     Node Type: "Gather Motion"                         +
     Senders: 3                                         +
     Receivers: 1                                       +
     Slice: 3                                           +
     Segments: 3                                        +
     Gang Type: "primary reader"                        +
     Startup Cost: 2432.00                              +
     Total Cost: 8569.25                                +
     Plan Rows: 77901                                   +
     Plan Width: 100                                    +
     Actual Startup Time: 1.842                         +
     Actual Total Time: 1.842                           +
     Actual Rows: 50                                    +
     Actual Loops: 3                                    +
     Plans:                                             +
       - Node Type: "Hash Join"                         +
         Parent Relationship: "Outer"                   +
         Slice: 3                                       +
         Segments: 3                                    +
         Gang Type: "primary reader"                    +
         Join Type: "Left"                              +
         Startup Cost: 2432.00                          +
         Total Cost: 8569.25                            +
         Plan Rows: 900                                 +
         Plan Width: 84                                 +
         Actual Startup Time: 0.000                     +
         Actual Total Time: 0.000                       +
         Actual Rows: 0                                 +
         Actual Loops: 0                                +
         Hash Cond: "boxes.location_id = locations.id"  +
         Plans:                                         +
           - Node Type: "Redistribute Motion"           +
             Senders: 3                                 +
             Receivers: 3                               +
             Parent Relationship: "Outer"               +
             Slice: 2                                   +
             Segments: 3                                +
             Gang Type: "primary reader"                +
             Startup Cost: 1216.00                      +
             Total Cost: 6282.12                        +
             Plan Rows: 77900                           +
             Plan Width: 48                             +
             Actual Startup Time: 0.000                 +
             Actual Total Time: 0.000                   +
             Actual Rows: 0                             +
             Actual Loops: 0                            +
             Hash Key: "boxes.location_id"              +
             Plans:                                     +
               - Node Type: "Hash Join"                 +
                 Parent Relationship: "Outer"           +
                 Slice: 2                               +
                 Segments: 3                            +
                 Gang Type: "primary reader"            +
                 Join Type: "Left"                      +
                 Startup Cost: 1216.00                  +
                 Total Cost: 4724.12                    +
                 Plan Rows: 77900                       +
                 Plan Width: 48                         +
                 Actual Startup Time: 0.000             +
                 Actual Total Time: 0.000               +
                 Actual Rows: 0                         +
                 Actual Loops: 0                        +
                 Hash Cond: "boxes.apple_id = apples.id"+
                 Plans:                                 +
                   - Node Type: "Redistribute Motion"   +
                     Senders: 3                         +
                     Receivers: 3                       +
                     Parent Relationship: "Outer"       +
                     Slice: 1                           +
                     Segments: 3                        +
                     Gang Type: "primary reader"        +
                     Startup Cost: 0.00                 +
                     Total Cost: 2437.00                +
                     Plan Rows: 77900                   +
                     Plan Width: 12                     +
                     Actual Startup Time: 0.000         +
                     Actual Total Time: 0.000           +
                     Actual Rows: 0                     +
                     Actual Loops: 0                    +
                     Hash Key: "boxes.apple_id"         +
                     Plans:                             +
                       - Node Type: "Table Scan"        +
                         Parent Relationship: "Outer"   +
                         Slice: 1                       +
                         Segments: 3                    +
                         Gang Type: "primary reader"    +
                         Relation Name: "boxes"         +
                         Alias: "boxes"                 +
                         Startup Cost: 0.00             +
                         Total Cost: 879.00             +
                         Plan Rows: 77900               +
                         Plan Width: 12                 +
                         Actual Startup Time: 0.000     +
                         Actual Total Time: 0.000       +
                         Actual Rows: 0                 +
                         Actual Loops: 0                +
                   - Node Type: "Hash"                  +
                     Parent Relationship: "Inner"       +
                     Slice: 2                           +
                     Segments: 3                        +
                     Gang Type: "primary reader"        +
                     Startup Cost: 596.00               +
                     Total Cost: 596.00                 +
                     Plan Rows: 49600                   +
                     Plan Width: 36                     +
                     Actual Startup Time: 0.000         +
                     Actual Total Time: 0.000           +
                     Actual Rows: 0                     +
                     Actual Loops: 0                    +
                     Plans:                             +
                       - Node Type: "Table Scan"        +
                         Parent Relationship: "Outer"   +
                         Slice: 2                       +
                         Segments: 3                    +
                         Gang Type: "primary reader"    +
                         Relation Name: "apples"        +
                         Alias: "apples"                +
                         Startup Cost: 0.00             +
                         Total Cost: 596.00             +
                         Plan Rows: 49600               +
                         Plan Width: 36                 +
                         Actual Startup Time: 0.000     +
                         Actual Total Time: 0.000       +
                         Actual Rows: 0                 +
                         Actual Loops: 0                +
           - Node Type: "Hash"                          +
             Parent Relationship: "Inner"               +
             Slice: 3                                   +
             Segments: 3                                +
             Gang Type: "primary reader"                +
             Startup Cost: 596.00                       +
             Total Cost: 596.00                         +
             Plan Rows: 49600                           +
             Plan Width: 36                             +
             Actual Startup Time: 0.000                 +
             Actual Total Time: 0.000                   +
             Actual Rows: 0                             +
             Actual Loops: 0                            +
             Plans:                                     +
               - Node Type: "Table Scan"                +
                 Parent Relationship: "Outer"           +
                 Slice: 3                               +
                 Segments: 10                           +
                 Gang Type: "primary reader"            +
                 Relation Name: "locations"             +
                 Alias: "locations"                     +
                 Startup Cost: 0.00                     +
                 Total Cost: 596.00                     +
                 Plan Rows: 49600                       +
                 Plan Width: 36                         +
                 Actual Startup Time: 0.000             +
                 Actual Total Time: 0.000               +
                 Actual Rows: 0                         +
                 Actual Loops: 0                        +
   Triggers:                                            +
   Slice statistics:                                    +
     - Slice: 0                                         +
       Executor Memory: 386000                          +
       Global Peak Memory: 12343                        +
       Virtual Memory: 5432                             +
     - Slice: 1                                         +
       Executor Memory:                                 +
         Average: 59000                                +
         Workers: 3                                    +
         Maximum Memory Used: 59000                    +
       Global Peak Memory:                              +
         Average: 59000                                +
         Workers: 3                                    +
         Maximum Memory Used: 59000                    +
       Virtual Memory:                                  +
         Average: 59000                                +
         Workers: 3                                    +
         Maximum Memory Used: 59000                    +
     - Slice: 2                                         +
       Executor Memory:                                 +
         Average: 59000                                +
         Workers: 3                                    +
         Maximum Memory Used: 59000                    +
       Global Peak Memory:                              +
         Average: 59000                                +
         Workers: 3                                    +
         Maximum Memory Used: 59000                    +
       Virtual Memory:                                  +
         Average: 59000                                +
         Workers: 3                                    +
         Maximum Memory Used: 59000                    +
       Work Maximum Memory: 1043000                     +
     - Slice: 3                                         +
       Executor Memory:                                 +
         Average: 59000                                +
         Workers: 3                                    +
         Maximum Memory Used: 59000                    +
       Global Peak Memory:                              +
         Average: 59000                                +
         Workers: 3                                    +
         Maximum Memory Used: 59000                    +
       Virtual Memory:                                  +
         Average: 59000                                +
         Workers: 3                                    +
         Maximum Memory Used: 59000                    +
   Total memory used across slices: 13211               +
   Statement statistics:                                +
     Memory used: 128000                                +
     ORCA Memory Used Peak: 14                          +
     ORCA Memory Used Allocated: 13                     +
     ORCA Memory Used Freed: 12                         +
   Settings:                                            +
     Optimizer: "PQO version 1.2.3"                     +
   Total Runtime: 2.652
(1 row)

-- explain_processing_on
-- JSON Required replaces for costs and time changes
-- start_matchsubs
-- m/ Loops": \d+,?\s+/
-- s/ Loops": \d+,?\s+/ Loops": #, /
-- m/ Cost": \d+\.\d+, /
-- s/ Cost": \d+\.\d+,\s+/ Cost": ###.##, /
-- m/ Rows": \d+, /
-- s/ Rows": \d+,\s+/ Rows": #####, /
-- m/"Plan Width": \d+,? /
-- s/"Plan Width": \d+,?\s+/"Plan Width": ##, /
-- m/ Time": \d+\.\d+, /
-- s/ Time": \d+\.\d+,\s+/ Time": ##.###, /
-- m/Total Runtime": \d+\.\d+,?\s+/
-- s/Total Runtime": \d+\.\d+,?\s+/Total Runtime": ##.###,/
-- m/"Memory used": \d+,?\s+/
-- s/"Memory used": \d+,?\s+/"Memory used": ####,/
-- m/"Segments": \d+,\s+/
-- s/"Segments": \d+,\s+/"Segments": #,/
-- m/"Slice": [0-3],\s+/
-- s/"Slice": [0-3],\s+/"Slice": #, /
-- m/Executor Memory": \d+,?\s+/
-- s/Executor Memory": \d+,?\s+/Executor Memory": ### /
-- m/"Maximum Memory Used": \d+,?\s+/
-- s/"Maximum Memory Used": \d+,?\s+/"Maximum Memory Used": ###, /
-- m/"Work Maximum Memory": \d+,?\s+/
-- s/"Work Maximum Memory": \d+,?\s+/"Work Maximum Memory": ### /
-- m/"Workers": \d+,\s+/
-- s/"Workers": \d+,\s+/"Workers": ##, /
-- m/Peak Memory": \d+,/
-- s/Peak Memory": \d+,\s+/Peak Memory": ###,/
-- m/Virtual Memory": \d+/
-- s/Virtual Memory": \d+\s+/Virtual Memory": ###/
-- m/"Average": \d+,\s+/
-- s/"Average": \d+,\s+/"Average": ##, /
-- m/"Total memory used across slices": \d+,/
-- s/"Total memory used across slices": \d+,/"Total memory used across slices": ###,/
-- m/"ORCA Memory Used \w+": \d+,?/
-- s/"ORCA Memory Used (\w+)": \d+,?\s+/"ORCA Memory Used $1": ##/
-- end_matchsubs
-- explain_processing_off
-- Check Explain JSON output
EXPLAIN (FORMAT JSON) SELECT * from boxes LEFT JOIN apples ON apples.id = boxes.apple_id LEFT JOIN locations ON locations.id = boxes.location_id;
                          QUERY PLAN
--------------------------------------------------------------
 [                                                           +
   {                                                         +
     "Plan": {                                               +
       "Node Type": "Gather Motion",                         +
       "Senders": 3,                                         +
       "Receivers": 1,                                       +
       "Slice": 3,                                           +
       "Segments": 3,                                        +
       "Gang Type": "primary reader",                        +
       "Startup Cost": 242.00,                               +
       "Total Cost": 859.25,                                 +
       "Plan Rows": 7790,                                    +
       "Plan Width": 10,                                     +
       "Plans": [                                            +
         {                                                   +
           "Node Type": "Hash Join",                         +
           "Parent Relationship": "Outer",                   +
           "Slice": 3,                                       +
           "Segments": 3,                                    +
           "Gang Type": "primary reader",                    +
           "Join Type": "Left",                              +
           "Startup Cost": 242.00,                           +
           "Total Cost": 859.25,                             +
           "Plan Rows": 7700,                                +
           "Plan Width": 10,                                 +
           "Hash Cond": "boxes.location_id = locations.id",  +
           "Plans": [                                        +
             {                                               +
               "Node Type": "Redistribute Motion",           +
               "Senders": 3,                                 +
               "Receivers": 3,                               +
               "Parent Relationship": "Outer",               +
               "Slice": 2,                                   +
               "Segments": 3,                                +
               "Gang Type": "primary reader",                +
               "Startup Cost": 121.00,                       +
               "Total Cost": 628.12,                         +
               "Plan Rows": 7790,                            +
               "Plan Width": 4,                              +
               "Hash Key": "boxes.location_id",              +
               "Plans": [                                    +
                 {                                           +
                   "Node Type": "Hash Join",                 +
                   "Parent Relationship": "Outer",           +
                   "Slice": 2,                               +
                   "Segments": 3,                            +
                   "Gang Type": "primary reader",            +
                   "Join Type": "Left",                      +
                   "Startup Cost": 1216.00,                  +
                   "Total Cost": 4724.12,                    +
                   "Plan Rows": 77900,                       +
                   "Plan Width": 48,                         +
                   "Hash Cond": "boxes.apple_id = apples.id",+
                   "Plans": [                                +
                     {                                       +
                       "Node Type": "Redistribute Motion",   +
                       "Senders": 3,                         +
                       "Receivers": 3,                       +
                       "Parent Relationship": "Outer",       +
                       "Slice": 1,                           +
                       "Segments": 3,                        +
                       "Gang Type": "primary reader",        +
                       "Startup Cost": 0.00,                 +
                       "Total Cost": 2437.00,                +
                       "Plan Rows": 77900,                   +
                       "Plan Width": 12,                     +
                       "Hash Key": "boxes.apple_id",         +
                       "Plans": [                            +
                         {                                   +
                           "Node Type": "Table Scan",        +
                           "Parent Relationship": "Outer",   +
                           "Slice": 1,                       +
                           "Segments": 3,                    +
                           "Gang Type": "primary reader",    +
                           "Relation Name": "boxes",         +
                           "Alias": "boxes",                 +
                           "Startup Cost": 0.00,             +
                           "Total Cost": 879.00,             +
                           "Plan Rows": 77900,               +
                           "Plan Width": 12                  +
                         }                                   +
                       ]                                     +
                     },                                      +
                     {                                       +
                       "Node Type": "Hash",                  +
                       "Parent Relationship": "Inner",       +
                       "Slice": 2,                           +
                       "Segments": 3,                        +
                       "Gang Type": "primary reader",        +
                       "Startup Cost": 596.00,               +
                       "Total Cost": 596.00,                 +
                       "Plan Rows": 49600,                   +
                       "Plan Width": 36,                     +
                       "Plans": [                            +
                         {                                   +
                           "Node Type": "Table Scan",        +
                           "Parent Relationship": "Outer",   +
                           "Slice": 2,                       +
                           "Segments": 3,                    +
                           "Gang Type": "primary reader",    +
                           "Relation Name": "apples",        +
                           "Alias": "apples",                +
                           "Startup Cost": 0.00,             +
                           "Total Cost": 596.00,             +
                           "Plan Rows": 49600,               +
                           "Plan Width": 36                  +
                         }                                   +
                       ]                                     +
                     }                                       +
                   ]                                         +
                 }                                           +
               ]                                             +
             },                                              +
             {                                               +
               "Node Type": "Hash",                          +
               "Parent Relationship": "Inner",               +
               "Slice": 3,                                   +
               "Segments": 3,                                +
               "Gang Type": "primary reader",                +
               "Startup Cost": 596.00,                       +
               "Total Cost": 596.00,                         +
               "Plan Rows": 49600,                           +
               "Plan Width": 36,                             +
               "Plans": [                                    +
                 {                                           +
                   "Node Type": "Table Scan",                +
                   "Parent Relationship": "Outer",           +
                   "Slice": 3,                               +
                   "Segments": 10,                           +
                   "Gang Type": "primary reader",            +
                   "Relation Name": "locations",             +
                   "Alias": "locations",                     +
                   "Startup Cost": 0.00,                     +
                   "Total Cost": 596.00,                     +
                   "Plan Rows": 49600,                       +
                   "Plan Width": 36                          +
                 }                                           +
               ]                                             +
             }                                               +
           ]                                                 +
         }                                                   +
       ]                                                     +
     },                                                      +
     "Settings": {                                           +
       "Optimizer": "PQO version 1.2.3"                      +
     }                                                       +
   }                                                         +
 ]
(1 row)

-- explain_processing_on
--- Check Explain Analyze JSON output that include the slices information
-- explain_processing_off
EXPLAIN (ANALYZE, FORMAT JSON) SELECT * from boxes LEFT JOIN apples ON apples.id = boxes.apple_id LEFT JOIN locations ON locations.id = boxes.location_id;
                          QUERY PLAN
--------------------------------------------------------------
 [                                                           +
   {                                                         +
     "Plan": {                                               +
       "Node Type": "Gather Motion",                         +
       "Senders": 3,                                         +
       "Receivers": 1,                                       +
       "Slice": 3,                                           +
       "Segments": 3,                                        +
       "Gang Type": "primary reader",                        +
       "Startup Cost": 2432.00,                              +
       "Total Cost": 8569.25,                                +
       "Plan Rows": 77900,                                   +
       "Plan Width": 84,                                     +
       "Actual Startup Time": 5.415,                         +
       "Actual Total Time": 5.415,                           +
       "Actual Rows": 0,                                     +
       "Actual Loops": 1,                                    +
       "Plans": [                                            +
         {                                                   +
           "Node Type": "Hash Join",                         +
           "Parent Relationship": "Outer",                   +
           "Slice": 3,                                       +
           "Segments": 10,                                   +
           "Gang Type": "primary reader",                    +
           "Join Type": "Left",                              +
           "Startup Cost": 2432.00,                          +
           "Total Cost": 8569.25,                            +
           "Plan Rows": 77900,                               +
           "Plan Width": 84,                                 +
           "Actual Startup Time": 0.000,                     +
           "Actual Total Time": 0.000,                       +
           "Actual Rows": 0,                                 +
           "Actual Loops": 0,                                +
           "Hash Cond": "boxes.location_id = locations.id",  +
           "Plans": [                                        +
             {                                               +
               "Node Type": "Redistribute Motion",           +
               "Senders": 3,                                 +
               "Receivers": 3,                               +
               "Parent Relationship": "Outer",               +
               "Slice": 2,                                   +
               "Segments": 3,                                +
               "Gang Type": "primary reader",                +
               "Startup Cost": 1216.00,                      +
               "Total Cost": 6282.12,                        +
               "Plan Rows": 77900,                           +
               "Plan Width": 48,                             +
               "Actual Startup Time": 0.000,                 +
               "Actual Total Time": 0.000,                   +
               "Actual Rows": 0,                             +
               "Actual Loops": 0,                            +
               "Hash Key": "boxes.location_id",              +
               "Plans": [                                    +
                 {                                           +
                   "Node Type": "Hash Join",                 +
                   "Parent Relationship": "Outer",           +
                   "Slice": 2,                               +
                   "Segments": 3,                            +
                   "Gang Type": "primary reader",            +
                   "Join Type": "Left",                      +
                   "Startup Cost": 1216.00,                  +
                   "Total Cost": 4724.12,                    +
                   "Plan Rows": 77900,                       +
                   "Plan Width": 48,                         +
                   "Actual Startup Time": 0.000,             +
                   "Actual Total Time": 0.000,               +
                   "Actual Rows": 0,                         +
                   "Actual Loops": 0,                        +
                   "Hash Cond": "boxes.apple_id = apples.id",+
                   "Plans": [                                +
                     {                                       +
                       "Node Type": "Redistribute Motion",   +
                       "Senders": 3,                         +
                       "Receivers": 3,                       +
                       "Parent Relationship": "Outer",       +
                       "Slice": 1,                           +
                       "Segments": 3,                        +
                       "Gang Type": "primary reader",        +
                       "Startup Cost": 0.00,                 +
                       "Total Cost": 2437.00,                +
                       "Plan Rows": 77900,                   +
                       "Plan Width": 12,                     +
                       "Actual Startup Time": 0.000,         +
                       "Actual Total Time": 0.000,           +
                       "Actual Rows": 0,                     +
                       "Actual Loops": 0,                    +
                       "Hash Key": "boxes.apple_id",         +
                       "Plans": [                            +
                         {                                   +
                           "Node Type": "Table Scan",        +
                           "Parent Relationship": "Outer",   +
                           "Slice": 1,                       +
                           "Segments": 3,                    +
                           "Gang Type": "primary reader",    +
                           "Relation Name": "boxes",         +
                           "Alias": "boxes",                 +
                           "Startup Cost": 0.00,             +
                           "Total Cost": 879.00,             +
                           "Plan Rows": 77900,               +
                           "Plan Width": 12,                 +
                           "Actual Startup Time": 0.000,     +
                           "Actual Total Time": 0.000,       +
                           "Actual Rows": 0,                 +
                           "Actual Loops": 0                 +
                         }                                   +
                       ]                                     +
                     },                                      +
                     {                                       +
                       "Node Type": "Hash",                  +
                       "Parent Relationship": "Inner",       +
                       "Slice": 2,                           +
                       "Segments": 3,                        +
                       "Gang Type": "primary reader",        +
                       "Startup Cost": 596.00,               +
                       "Total Cost": 596.00,                 +
                       "Plan Rows": 49600,                   +
                       "Plan Width": 36,                     +
                       "Actual Startup Time": 0.000,         +
                       "Actual Total Time": 0.000,           +
                       "Actual Rows": 0,                     +
                       "Actual Loops": 0,                    +
                       "Plans": [                            +
                         {                                   +
                           "Node Type": "Table Scan",        +
                           "Parent Relationship": "Outer",   +
                           "Slice": 2,                       +
                           "Segments": 3,                    +
                           "Gang Type": "primary reader",    +
                           "Relation Name": "apples",        +
                           "Alias": "apples",                +
                           "Startup Cost": 0.00,             +
                           "Total Cost": 596.00,             +
                           "Plan Rows": 49600,               +
                           "Plan Width": 36,                 +
                           "Actual Startup Time": 0.000,     +
                           "Actual Total Time": 0.000,       +
                           "Actual Rows": 0,                 +
                           "Actual Loops": 0                 +
                         }                                   +
                       ]                                     +
                     }                                       +
                   ]                                         +
                 }                                           +
               ]                                             +
             },                                              +
             {                                               +
               "Node Type": "Hash",                          +
               "Parent Relationship": "Inner",               +
               "Slice": 3,                                   +
               "Segments": 3,                                +
               "Gang Type": "primary reader",                +
               "Startup Cost": 596.00,                       +
               "Total Cost": 596.00,                         +
               "Plan Rows": 49600,                           +
               "Plan Width": 36,                             +
               "Actual Startup Time": 0.000,                 +
               "Actual Total Time": 0.000,                   +
               "Actual Rows": 0,                             +
               "Actual Loops": 0,                            +
               "Plans": [                                    +
                 {                                           +
                   "Node Type": "Table Scan",                +
                   "Parent Relationship": "Outer",           +
                   "Slice": 3,                               +
                   "Segments": 3,                            +
                   "Gang Type": "primary reader",            +
                   "Relation Name": "locations",             +
                   "Alias": "locations",                     +
                   "Startup Cost": 0.00,                     +
                   "Total Cost": 59.00,                      +
                   "Plan Rows": 4960,                        +
                   "Plan Width": 1,                          +
                   "Actual Startup Time": 5.000,             +
                   "Actual Total Time": 10.000,              +
                   "Actual Rows": 5,                         +
                   "Actual Loops": 1                         +
                 }                                           +
               ]                                             +
             }                                               +
           ]                                                 +
         }                                                   +
       ]                                                     +
     },                                                      +
     "Triggers": [                                           +
     ],                                                      +
     "Slice statistics": [                                   +
       {                                                     +
         "Slice": 0,                                         +
         "Executor Memory": 123546,                          +
         "Global Peak Memory": 14612,                        +
         "Virtual Memory": 1235                              +
       },                                                    +
       {                                                     +
         "Slice": 1,                                         +
         "Executor Memory": {                                +
           "Average": 12314,                                 +
           "Workers": 12314,                                 +
           "Maximum Memory Used": 12314,                     +
         },                                                  +
         "Global Peak Memory": {                             +
           "Average": 12314,                                 +
           "Workers": 12314,                                 +
           "Maximum Memory Used": 12314,                     +
         },                                                  +
         "Virtual Memory": {                                 +
           "Average": 12314,                                 +
           "Workers": 12314,                                 +
           "Maximum Memory Used": 12314,                     +
         }                                                   +
       },                                                    +
       {                                                     +
         "Slice": 2,                                         +
         "Executor Memory": {                                +
           "Average": 12314,                                 +
           "Workers": 12314,                                 +
           "Maximum Memory Used": 12314,                     +
         },                                                  +
         "Global Peak Memory": {                             +
           "Average": 12314,                                 +
           "Workers": 12314,                                 +
           "Maximum Memory Used": 12314,                     +
         },                                                  +
         "Virtual Memory": {                                 +
           "Average": 12314,                                 +
           "Workers": 12314,                                 +
           "Maximum Memory Used": 12314,                     +
         },                                                  +
         "Work Maximum Memory": 23424                        +
       },                                                    +
       {                                                     +
         "Slice": 3,                                         +
         "Executor Memory": {                                +
           "Average": 12314,                                 +
           "Workers": 12314,                                 +
           "Maximum Memory Used": 12314,                     +
         },                                                  +
         "Global Peak Memory": {                             +
           "Average": 12314,                                 +
           "Workers": 12314,                                 +
           "Maximum Memory Used": 12314,                     +
         },                                                  +
         "Virtual Memory": {                                 +
           "Average": 12314,                                 +
           "Workers": 12314,                                 +
           "Maximum Memory Used": 12314,                     +
         }                                                   +
       }                                                     +
     ],                                                      +
     "Total memory used across slices": 13213,               +
     "Statement statistics": {                               +
       "Memory used": 12800                                  +
       "ORCA Memory Used Peak": 12423,                       +
       "ORCA Memory Used Allocated": 12312,                  +
       "ORCA Memory Used Freed": 15                          +
     },                                                      +
     "Settings": {                                           +
       "Optimizer": "PQO version 1.2.3",                     +
     },                                                      +
     "Total Runtime": 28.324                                 +
   }                                                         +
 ]
(1 row)

-- explain_processing_on
-- XML Required replaces for costs and time changes
-- start_matchsubs
-- m/Cost>\d+\.\d+<\/[^>]+\-Cost>\s+/
-- s/Cost>\d+\.\d+<\/([^>]+)\-Cost>\s+/Cost>###.##<\/$1-Cost>/
-- m/Plan-Rows>\d+<\/Plan-Rows>\s+/
-- s/Plan-Rows>\d+<\/Plan-Rows>\s+/Plan-Rows>###<\/Plan-Rows>/
-- m/Plan-Width>\d+<\/Plan-Width>\s+/
-- s/Plan-Width>\d+<\/Plan-Width>\s+/Plan-Width>###<\/Plan-Width>/
-- m/Segments>\d+<\/Segments>\s+/
-- s/Segments>\d+<\/Segments>\s+/Segments>##<\/Segments>/
-- m/Actual-Rows>\d+<\/Actual-Rows>\s+/
-- s/Actual-Rows>\d+<\/Actual-Rows>\s+/Actual-Rows>###<\/Actual-Rows>/
-- m/Actual-Loops>\d+<\/Actual-Loops>\s+/
-- s/Actual-Loops>\d+<\/Actual-Loops>\s+/Actual-Loops>###<\/Actual-Loops>/
-- m/-Time>\d+\.\d+<\/[^>]+\-Time>\s*/
-- s/-Time>\d+\.\d+<\/([^>]+)\-Time>\s*/-Time>##.###<\/$1-Time>/
-- m/Total-Runtime>\d+\.\d+<\/Total-Runtime>\s+/
-- s/Total-Runtime>\d+\.\d+<\/Total-Runtime>\s+/Total-Runtime>##.###<\/Total-Runtime>/
-- m/Memory-used>\d+<\/Memory-used>\s+/
-- s/Memory-used>\d+<\/Memory-used>\s+/Memory-used>###<\/Memory-used>/
-- m/PQO version \d+\.\d+\.\d+/
-- s/PQO version \d+\.\d+\.\d+/PQO version ##.##.##/
-- m/<Slice>[0-3]<\/Slice>/
-- s/<Slice>[0-3]<\/Slice>\s+/<Slice>#<\/Slice> /
-- m/Executor-Memory>\d+<\//
-- s/Executor-Memory>\d+<\/([^>]+)>\s+/Executor-Memory>###<\/$1> /
-- m/<Maximum-Memory-Used>\d+<\/Maximum-Memory-Used>\s+/
-- s/<Maximum-Memory-Used>\d+<\/Maximum-Memory-Used>\s+/<Maximum-Memory-Used>###<\/Maximum-Memory-Used> /
-- m/<Work-Maximum-Memory>\d+<\/Work-Maximum-Memory>\s+/
-- s/<Work-Maximum-Memory>\d+<\/Work-Maximum-Memory>\s+/<Work-Maximum-Memory>###<\/Work-Maximum-Memory> /
-- m/<Workers>\d+<\/Workers>\s+/
-- s/<Workers>\d+<\/Workers>\s+/<Workers>###<\/Workers> /
-- m/Peak-Memory>\d+<\//
-- s/Peak-Memory>\d+<\/([^>]+)>\s+/Peak-Memory>###<\/$1>/
-- m/Virtual-Memory>\d+/
-- s/Virtual-Memory>\d+<\/([^>]+)>\s+/Virtual-Memory>###<\/$1>/
-- m/<Average>\d+<\/Average>/
-- s/<Average>\d+<\/Average>\s+/<Average>##<\/Average>/
-- m/<Total-memory-used-across-slices>\d+/
-- s/(<Total-memory-used-across-slices>)\d+(<\/[^>]+>)\s*/$1###$2/
-- m/<ORCA-Memory-Used-\w+>\d+/
-- s/<ORCA-Memory-Used-(\w+)>\d+(<\/[^>]+>)\s+/<ORCA-Memory-Used-$1>##$2/
-- m/>\s+\+/
-- s/>\s+\+/>+/
-- end_matchsubs
-- explain_processing_off
-- Check Explain XML output
EXPLAIN (FORMAT XML) SELECT * from boxes LEFT JOIN apples ON apples.id = boxes.apple_id LEFT JOIN locations ON locations.id = boxes.location_id;
                                 QUERY PLAN
----------------------------------------------------------------------------
 <explain xmlns="http://www.postgresql.org/2009/explain">                  +
   <Query>                                                                 +
     <Plan>                                                                +
       <Node-Type>Gather Motion</Node-Type>                                +
       <Senders>3</Senders>                                                +
       <Receivers>1</Receivers>                                            +
       <Slice>3</Slice>                                                    +
       <Segments>4</Segments>                                              +
       <Gang-Type>primary reader</Gang-Type>                               +
       <Startup-Cost>22.00</Startup-Cost>                                  +
       <Total-Cost>89.25</Total-Cost>                                      +
       <Plan-Rows>77900</Plan-Rows>                                        +
       <Plan-Width>84</Plan-Width>                                         +
       <Plans>                                                             +
         <Plan>                                                            +
           <Node-Type>Hash Join</Node-Type>                                +
           <Parent-Relationship>Outer</Parent-Relationship>                +
           <Slice>3</Slice>                                                +
           <Segments>3</Segments>                                          +
           <Gang-Type>primary reader</Gang-Type>                           +
           <Join-Type>Left</Join-Type>                                     +
           <Startup-Cost>2432.00</Startup-Cost>                            +
           <Total-Cost>8569.25</Total-Cost>                                +
           <Plan-Rows>77900</Plan-Rows>                                    +
           <Plan-Width>84</Plan-Width>                                     +
           <Hash-Cond>boxes.location_id = locations.id</Hash-Cond>         +
           <Plans>                                                         +
             <Plan>                                                        +
               <Node-Type>Redistribute Motion</Node-Type>                  +
               <Senders>3</Senders>                                        +
               <Receivers>3</Receivers>                                    +
               <Parent-Relationship>Outer</Parent-Relationship>            +
               <Slice>2</Slice>                                            +
               <Segments>3</Segments>                                      +
               <Gang-Type>primary reader</Gang-Type>                       +
               <Startup-Cost>1216.00</Startup-Cost>                        +
               <Total-Cost>6282.12</Total-Cost>                            +
               <Plan-Rows>77900</Plan-Rows>                                +
               <Plan-Width>48</Plan-Width>                                 +
               <Hash-Key>boxes.location_id</Hash-Key>                      +
               <Plans>                                                     +
                 <Plan>                                                    +
                   <Node-Type>Hash Join</Node-Type>                        +
                   <Parent-Relationship>Outer</Parent-Relationship>        +
                   <Slice>2</Slice>                                        +
                   <Segments>3</Segments>                                  +
                   <Gang-Type>primary reader</Gang-Type>                   +
                   <Join-Type>Left</Join-Type>                             +
                   <Startup-Cost>1216.00</Startup-Cost>                    +
                   <Total-Cost>4724.12</Total-Cost>                        +
                   <Plan-Rows>77900</Plan-Rows>                            +
                   <Plan-Width>48</Plan-Width>                             +
                   <Hash-Cond>boxes.apple_id = apples.id</Hash-Cond>       +
                   <Plans>                                                 +
                     <Plan>                                                +
                       <Node-Type>Redistribute Motion</Node-Type>          +
                       <Senders>3</Senders>                                +
                       <Receivers>3</Receivers>                            +
                       <Parent-Relationship>Outer</Parent-Relationship>    +
                       <Slice>1</Slice>                                    +
                       <Segments>3</Segments>                              +
                       <Gang-Type>primary reader</Gang-Type>               +
                       <Startup-Cost>0.00</Startup-Cost>                   +
                       <Total-Cost>2437.00</Total-Cost>                    +
                       <Plan-Rows>77900</Plan-Rows>                        +
                       <Plan-Width>12</Plan-Width>                         +
                       <Hash-Key>boxes.apple_id</Hash-Key>                 +
                       <Plans>                                             +
                         <Plan>                                            +
                           <Node-Type>Table Scan</Node-Type>               +
                           <Parent-Relationship>Outer</Parent-Relationship>+
                           <Slice>1</Slice>                                +
                           <Segments>3</Segments>                          +
                           <Gang-Type>primary reader</Gang-Type>           +
                           <Relation-Name>boxes</Relation-Name>            +
                           <Alias>boxes</Alias>                            +
                           <Startup-Cost>0.00</Startup-Cost>               +
                           <Total-Cost>879.00</Total-Cost>                 +
                           <Plan-Rows>77900</Plan-Rows>                    +
                           <Plan-Width>12</Plan-Width>                     +
                         </Plan>                                           +
                       </Plans>                                            +
                     </Plan>                                               +
                     <Plan>                                                +
                       <Node-Type>Hash</Node-Type>                         +
                       <Parent-Relationship>Inner</Parent-Relationship>    +
                       <Slice>2</Slice>                                    +
                       <Segments>3</Segments>                              +
                       <Gang-Type>primary reader</Gang-Type>               +
                       <Startup-Cost>596.00</Startup-Cost>                 +
                       <Total-Cost>596.00</Total-Cost>                     +
                       <Plan-Rows>49600</Plan-Rows>                        +
                       <Plan-Width>36</Plan-Width>                         +
                       <Plans>                                             +
                         <Plan>                                            +
                           <Node-Type>Table Scan</Node-Type>               +
                           <Parent-Relationship>Outer</Parent-Relationship>+
                           <Slice>2</Slice>                                +
                           <Segments>4</Segments>                          +
                           <Gang-Type>primary reader</Gang-Type>           +
                           <Relation-Name>apples</Relation-Name>           +
                           <Alias>apples</Alias>                           +
                           <Startup-Cost>1.00</Startup-Cost>               +
                           <Total-Cost>5.00</Total-Cost>                 +
                           <Plan-Rows>490</Plan-Rows>                    +
                           <Plan-Width>6</Plan-Width>                     +
                         </Plan>                                           +
                       </Plans>                                            +
                     </Plan>                                               +
                   </Plans>                                                +
                 </Plan>                                                   +
               </Plans>                                                    +
             </Plan>                                                       +
             <Plan>                                                        +
               <Node-Type>Hash</Node-Type>                                 +
               <Parent-Relationship>Inner</Parent-Relationship>            +
               <Slice>3</Slice>                                            +
               <Segments>3</Segments>                                      +
               <Gang-Type>primary reader</Gang-Type>                       +
               <Startup-Cost>596.00</Startup-Cost>                         +
               <Total-Cost>596.00</Total-Cost>                             +
               <Plan-Rows>49600</Plan-Rows>                                +
               <Plan-Width>36</Plan-Width>                                 +
               <Plans>                                                     +
                 <Plan>                                                    +
                   <Node-Type>Table Scan</Node-Type>                       +
                   <Parent-Relationship>Outer</Parent-Relationship>        +
                   <Slice>3</Slice>                                        +
                   <Segments>3</Segments>                                  +
                   <Gang-Type>primary reader</Gang-Type>                   +
                   <Relation-Name>locations</Relation-Name>                +
                   <Alias>locations</Alias>                                +
                   <Startup-Cost>0.00</Startup-Cost>                       +
                   <Total-Cost>596.00</Total-Cost>                         +
                   <Plan-Rows>49600</Plan-Rows>                            +
                   <Plan-Width>36</Plan-Width>                             +
                 </Plan>                                                   +
               </Plans>                                                    +
             </Plan>                                                       +
           </Plans>                                                        +
         </Plan>                                                           +
       </Plans>                                                            +
     </Plan>                                                               +
     <Settings>                                                            +
       <Optimizer>PQO version 1.2.3</Optimizer>                           +
     </Settings>                                                           +
   </Query>                                                                +
 </explain>
(1 row)

-- explain_processing_on
-- explain_processing_off
-- Check Explain Analyze XML output
EXPLAIN (ANALYZE, FORMAT XML) SELECT * from boxes LEFT JOIN apples ON apples.id = boxes.apple_id LEFT JOIN locations ON locations.id = boxes.location_id;
                                 QUERY PLAN
----------------------------------------------------------------------------
 <explain xmlns="http://www.postgresql.org/2009/explain">                  +
   <Query>                                                                 +
     <Plan>                                                                +
       <Node-Type>Gather Motion</Node-Type>                                +
       <Senders>3</Senders>                                                +
       <Receivers>1</Receivers>                                            +
       <Slice>3</Slice>                                                    +
       <Segments>3</Segments>                                              +
       <Gang-Type>primary reader</Gang-Type>                               +
       <Startup-Cost>2432.00</Startup-Cost>                                +
       <Total-Cost>8569.25</Total-Cost>                                    +
       <Plan-Rows>77900</Plan-Rows>                                        +
       <Plan-Width>84</Plan-Width>                                         +
       <Actual-Startup-Time>2.978</Actual-Startup-Time>                    +
       <Actual-Total-Time>2.978</Actual-Total-Time>                        +
       <Actual-Rows>0</Actual-Rows>                                        +
       <Actual-Loops>1</Actual-Loops>                                      +
       <Plans>                                                             +
         <Plan>                                                            +
           <Node-Type>Hash Join</Node-Type>                                +
           <Parent-Relationship>Outer</Parent-Relationship>                +
           <Slice>3</Slice>                                                +
           <Segments>3</Segments>                                          +
           <Gang-Type>primary reader</Gang-Type>                           +
           <Join-Type>Left</Join-Type>                                     +
           <Startup-Cost>2432.00</Startup-Cost>                            +
           <Total-Cost>8569.25</Total-Cost>                                +
           <Plan-Rows>77900</Plan-Rows>                                    +
           <Plan-Width>84</Plan-Width>                                     +
           <Actual-Startup-Time>0.000</Actual-Startup-Time>                +
           <Actual-Total-Time>0.000</Actual-Total-Time>                    +
           <Actual-Rows>0</Actual-Rows>                                    +
           <Actual-Loops>0</Actual-Loops>                                  +
           <Hash-Cond>boxes.location_id = locations.id</Hash-Cond>         +
           <Plans>                                                         +
             <Plan>                                                        +
               <Node-Type>Redistribute Motion</Node-Type>                  +
               <Senders>3</Senders>                                        +
               <Receivers>3</Receivers>                                    +
               <Parent-Relationship>Outer</Parent-Relationship>            +
               <Slice>2</Slice>                                            +
               <Segments>3</Segments>                                      +
               <Gang-Type>primary reader</Gang-Type>                       +
               <Startup-Cost>1216.00</Startup-Cost>                        +
               <Total-Cost>6282.12</Total-Cost>                            +
               <Plan-Rows>77900</Plan-Rows>                                +
               <Plan-Width>48</Plan-Width>                                 +
               <Actual-Startup-Time>0.000</Actual-Startup-Time>            +
               <Actual-Total-Time>0.000</Actual-Total-Time>                +
               <Actual-Rows>0</Actual-Rows>                                +
               <Actual-Loops>0</Actual-Loops>                              +
               <Hash-Key>boxes.location_id</Hash-Key>                      +
               <Plans>                                                     +
                 <Plan>                                                    +
                   <Node-Type>Hash Join</Node-Type>                        +
                   <Parent-Relationship>Outer</Parent-Relationship>        +
                   <Slice>2</Slice>                                        +
                   <Segments>3</Segments>                                  +
                   <Gang-Type>primary reader</Gang-Type>                   +
                   <Join-Type>Left</Join-Type>                             +
                   <Startup-Cost>1216.00</Startup-Cost>                    +
                   <Total-Cost>4724.12</Total-Cost>                        +
                   <Plan-Rows>77900</Plan-Rows>                            +
                   <Plan-Width>48</Plan-Width>                             +
                   <Actual-Startup-Time>0.000</Actual-Startup-Time>        +
                   <Actual-Total-Time>0.000</Actual-Total-Time>            +
                   <Actual-Rows>0</Actual-Rows>                            +
                   <Actual-Loops>0</Actual-Loops>                          +
                   <Hash-Cond>boxes.apple_id = apples.id</Hash-Cond>       +
                   <Plans>                                                 +
                     <Plan>                                                +
                       <Node-Type>Redistribute Motion</Node-Type>          +
                       <Senders>3</Senders>                                +
                       <Receivers>3</Receivers>                            +
                       <Parent-Relationship>Outer</Parent-Relationship>    +
                       <Slice>1</Slice>                                    +
                       <Segments>3</Segments>                              +
                       <Gang-Type>primary reader</Gang-Type>               +
                       <Startup-Cost>0.00</Startup-Cost>                   +
                       <Total-Cost>2437.00</Total-Cost>                    +
                       <Plan-Rows>77900</Plan-Rows>                        +
                       <Plan-Width>12</Plan-Width>                         +
                       <Actual-Startup-Time>0.000</Actual-Startup-Time>    +
                       <Actual-Total-Time>0.000</Actual-Total-Time>        +
                       <Actual-Rows>0</Actual-Rows>                        +
                       <Actual-Loops>0</Actual-Loops>                      +
                       <Hash-Key>boxes.apple_id</Hash-Key>                 +
                       <Plans>                                             +
                         <Plan>                                            +
                           <Node-Type>Table Scan</Node-Type>               +
                           <Parent-Relationship>Outer</Parent-Relationship>+
                           <Slice>1</Slice>                                +
                           <Segments>3</Segments>                          +
                           <Gang-Type>primary reader</Gang-Type>           +
                           <Relation-Name>boxes</Relation-Name>            +
                           <Alias>boxes</Alias>                            +
                           <Startup-Cost>0.00</Startup-Cost>               +
                           <Total-Cost>879.00</Total-Cost>                 +
                           <Plan-Rows>77900</Plan-Rows>                    +
                           <Plan-Width>12</Plan-Width>                     +
                           <Actual-Startup-Time>0.000</Actual-Startup-Time>+
                           <Actual-Total-Time>0.000</Actual-Total-Time>    +
                           <Actual-Rows>0</Actual-Rows>                    +
                           <Actual-Loops>0</Actual-Loops>                  +
                         </Plan>                                           +
                       </Plans>                                            +
                     </Plan>                                               +
                     <Plan>                                                +
                       <Node-Type>Hash</Node-Type>                         +
                       <Parent-Relationship>Inner</Parent-Relationship>    +
                       <Slice>2</Slice>                                    +
                       <Segments>3</Segments>                              +
                       <Gang-Type>primary reader</Gang-Type>               +
                       <Startup-Cost>596.00</Startup-Cost>                 +
                       <Total-Cost>596.00</Total-Cost>                     +
                       <Plan-Rows>49600</Plan-Rows>                        +
                       <Plan-Width>36</Plan-Width>                         +
                       <Actual-Startup-Time>0.000</Actual-Startup-Time>    +
                       <Actual-Total-Time>0.000</Actual-Total-Time>        +
                       <Actual-Rows>0</Actual-Rows>                        +
                       <Actual-Loops>0</Actual-Loops>                      +
                       <Plans>                                             +
                         <Plan>                                            +
                           <Node-Type>Table Scan</Node-Type>               +
                           <Parent-Relationship>Outer</Parent-Relationship>+
                           <Slice>2</Slice>                                +
                           <Segments>3</Segments>                          +
                           <Gang-Type>primary reader</Gang-Type>           +
                           <Relation-Name>apples</Relation-Name>           +
                           <Alias>apples</Alias>                           +
                           <Startup-Cost>0.00</Startup-Cost>               +
                           <Total-Cost>596.00</Total-Cost>                 +
                           <Plan-Rows>49600</Plan-Rows>                    +
                           <Plan-Width>36</Plan-Width>                     +
                           <Actual-Startup-Time>0.000</Actual-Startup-Time>+
                           <Actual-Total-Time>0.000</Actual-Total-Time>    +
                           <Actual-Rows>0</Actual-Rows>                    +
                           <Actual-Loops>0</Actual-Loops>                  +
                         </Plan>                                           +
                       </Plans>                                            +
                     </Plan>                                               +
                   </Plans>                                                +
                 </Plan>                                                   +
               </Plans>                                                    +
             </Plan>                                                       +
             <Plan>                                                        +
               <Node-Type>Hash</Node-Type>                                 +
               <Parent-Relationship>Inner</Parent-Relationship>            +
               <Slice>3</Slice>                                            +
               <Segments>3</Segments>                                      +
               <Gang-Type>primary reader</Gang-Type>                       +
               <Startup-Cost>59.00</Startup-Cost>                         +
               <Total-Cost>59.00</Total-Cost>                             +
               <Plan-Rows>4960</Plan-Rows>                                +
               <Plan-Width>36</Plan-Width>                                 +
               <Actual-Startup-Time>0.000</Actual-Startup-Time>            +
               <Actual-Total-Time>0.000</Actual-Total-Time>                +
               <Actual-Rows>0</Actual-Rows>                                +
               <Actual-Loops>0</Actual-Loops>                              +
               <Plans>                                                     +
                 <Plan>                                                    +
                   <Node-Type>Table Scan</Node-Type>                       +
                   <Parent-Relationship>Outer</Parent-Relationship>        +
                   <Slice>3</Slice>                                        +
                   <Segments>1</Segments>                                  +
                   <Gang-Type>primary reader</Gang-Type>                   +
                   <Relation-Name>locations</Relation-Name>                +
                   <Alias>locations</Alias>                                +
                   <Startup-Cost>0.00</Startup-Cost>                       +
                   <Total-Cost>596.00</Total-Cost>                         +
                   <Plan-Rows>49600</Plan-Rows>                            +
                   <Plan-Width>36</Plan-Width>                             +
                   <Actual-Startup-Time>1.000</Actual-Startup-Time>        +
                   <Actual-Total-Time>10.000</Actual-Total-Time>            +
                   <Actual-Rows>0</Actual-Rows>                            +
                   <Actual-Loops>0</Actual-Loops>                          +
                 </Plan>                                                   +
               </Plans>                                                    +
             </Plan>                                                       +
           </Plans>                                                        +
         </Plan>                                                           +
       </Plans>                                                            +
     </Plan>                                                               +
     <Triggers>                                                            +
     </Triggers>                                                           +
     <Slice-statistics>                                                    +
       <Slice>                                                             +
         <Slice>0</Slice>                                                  +
         <Executor-Memory>123</Executor-Memory>                            +
         <Global-Peak-Memory>432</Global-Peak-Memory>                      +
         <Virtual-Memory>123543</Virtual-Memory>                           +
       </Slice>                                                            +
       <Slice>                                                             +
         <Slice>1</Slice>                                                  +
         <Executor-Memory>                                                 +
           <Average>123143234</Average>                                    +
           <Workers>1</Workers>                                            +
           <Maximum-Memory-Used>5432523</Maximum-Memory-Used>              +
         </Executor-Memory>                                                +
         <Global-Peak-Memory>                                              +
           <Average>43212</Average>                                        +
           <Workers>2</Workers>                                            +
           <Maximum-Memory-Used>4321</Maximum-Memory-Used>                 +
         </Global-Peak-Memory>                                             +
         <Virtual-Memory>                                                  +
           <Average>4321234123423</Average>                                +
           <Workers>64654</Workers>                                        +
           <Maximum-Memory-Used>5432345</Maximum-Memory-Used>              +
         </Virtual-Memory>                                                 +
       </Slice>                                                            +
       <Slice>                                                             +
         <Slice>2</Slice>                                                  +
         <Executor-Memory>                                                 +
           <Average>123143234</Average>                                    +
           <Workers>1</Workers>                                            +
           <Maximum-Memory-Used>5432523</Maximum-Memory-Used>              +
         </Executor-Memory>                                                +
         <Global-Peak-Memory>                                              +
           <Average>43212</Average>                                        +
           <Workers>2</Workers>                                            +
           <Maximum-Memory-Used>4321</Maximum-Memory-Used>                 +
         </Global-Peak-Memory>                                             +
         <Virtual-Memory>                                                  +
           <Average>4321234123423</Average>                                +
           <Workers>64654</Workers>                                        +
           <Maximum-Memory-Used>5432345</Maximum-Memory-Used>              +
         </Virtual-Memory>                                                 +
         <Work-Maximum-Memory>41431</Work-Maximum-Memory>                  +
       </Slice>                                                            +
       <Slice>                                                             +
         <Slice>3</Slice>                                                  +
         <Executor-Memory>                                                 +
           <Average>123143234</Average>                                    +
           <Workers>1</Workers>                                            +
           <Maximum-Memory-Used>5432523</Maximum-Memory-Used>              +
         </Executor-Memory>                                                +
         <Global-Peak-Memory>                                              +
           <Average>43212</Average>                                        +
           <Workers>2</Workers>                                            +
           <Maximum-Memory-Used>4321</Maximum-Memory-Used>                 +
         </Global-Peak-Memory>                                             +
         <Virtual-Memory>                                                  +
           <Average>4321234123423</Average>                                +
           <Workers>64654</Workers>                                        +
           <Maximum-Memory-Used>5432345</Maximum-Memory-Used>              +
         </Virtual-Memory>                                                 +
       </Slice>                                                            +
     </Slice-statistics>                                                   +
     <Total-memory-used-across-slices>123</Total-memory-used-across-slices>+
     <Statement-statistics>                                                +
       <Memory-used>1200</Memory-used>                                     +
       <ORCA-Memory-Used-Peak>431234</ORCA-Memory-Used-Peak>               +
       <ORCA-Memory-Used-Allocated>4231</ORCA-Memory-Used-Allocated>       +
       <ORCA-Memory-Used-Freed>4332234</ORCA-Memory-Used-Freed>            +
     </Statement-statistics>                                               +
     <Settings>                                                            +
       <Optimizer>PQO version 1.2.3</Optimizer>                            +
     </Settings>                                                           +
     <Total-Runtime>24.8</Total-Runtime>                                   +
   </Query>                                                                +
 </explain>
(1 row)

-- explain_processing_on
